<?xml version="1.0" encoding="UTF-8"?>
<testng-results skipped="0" failed="1" ignored="0" total="2" passed="1">
  <reporter-output>
  </reporter-output>
  <suite name="Default suite" duration-ms="32191" started-at="2020-02-27T16:45:18 EST" finished-at="2020-02-27T16:45:50 EST">
    <groups>
    </groups>
    <test name="Default test" duration-ms="32191" started-at="2020-02-27T16:45:18 EST" finished-at="2020-02-27T16:45:50 EST">
      <class name="com.screenshotwithExtentReport.freeFacebookTest">
        <test-method status="PASS" signature="setExtent()[pri:0, instance:com.screenshotwithExtentReport.freeFacebookTest@63e2203c]" name="setExtent" is-config="true" duration-ms="154" started-at="2020-02-27T16:45:18 EST" finished-at="2020-02-27T16:45:18 EST">
          <reporter-output>
          </reporter-output>
        </test-method> <!-- setExtent -->
        <test-method status="PASS" signature="setUp()[pri:0, instance:com.screenshotwithExtentReport.freeFacebookTest@63e2203c]" name="setUp" is-config="true" duration-ms="14716" started-at="2020-02-27T16:45:18 EST" finished-at="2020-02-27T16:45:33 EST">
          <reporter-output>
          </reporter-output>
        </test-method> <!-- setUp -->
        <test-method status="PASS" signature="facebookLogoTest()[pri:0, instance:com.screenshotwithExtentReport.freeFacebookTest@63e2203c]" name="facebookLogoTest" duration-ms="149" started-at="2020-02-27T16:45:33 EST" finished-at="2020-02-27T16:45:33 EST">
          <reporter-output>
          </reporter-output>
        </test-method> <!-- facebookLogoTest -->
        <test-method status="PASS" signature="tearDown(org.testng.ITestResult)[pri:0, instance:com.screenshotwithExtentReport.freeFacebookTest@63e2203c]" name="tearDown" is-config="true" duration-ms="1042" started-at="2020-02-27T16:45:33 EST" finished-at="2020-02-27T16:45:34 EST">
          <params>
            <param index="0">
              <value>
                <![CDATA[[TestResult name=facebookLogoTest status=SUCCESS method=freeFacebookTest.facebookLogoTest()[pri:0, instance:com.screenshotwithExtentReport.freeFacebookTest@63e2203c] output={null}]]]>
              </value>
            </param>
          </params>
          <reporter-output>
          </reporter-output>
        </test-method> <!-- tearDown -->
        <test-method status="PASS" signature="setUp()[pri:0, instance:com.screenshotwithExtentReport.freeFacebookTest@63e2203c]" name="setUp" is-config="true" duration-ms="13530" started-at="2020-02-27T16:45:34 EST" finished-at="2020-02-27T16:45:47 EST">
          <reporter-output>
          </reporter-output>
        </test-method> <!-- setUp -->
        <test-method status="FAIL" signature="facebookTitleTest()[pri:0, instance:com.screenshotwithExtentReport.freeFacebookTest@63e2203c]" name="facebookTitleTest" duration-ms="16" started-at="2020-02-27T16:45:47 EST" finished-at="2020-02-27T16:45:48 EST">
          <exception class="org.junit.ComparisonFailure">
            <message>
              <![CDATA[expected:<...k - Log In or Sign U[p]> but was:<...k - Log In or Sign U[]>]]>
            </message>
            <full-stacktrace>
              <![CDATA[org.junit.ComparisonFailure: expected:<...k - Log In or Sign U[p]> but was:<...k - Log In or Sign U[]>
at org.junit.Assert.assertEquals(Assert.java:115)
at org.junit.Assert.assertEquals(Assert.java:144)
at com.screenshotwithExtentReport.freeFacebookTest.facebookTitleTest(freeFacebookTest.java:84)
at sun.reflect.NativeMethodAccessorImpl.invoke0(Native Method)
at sun.reflect.NativeMethodAccessorImpl.invoke(Unknown Source)
at sun.reflect.DelegatingMethodAccessorImpl.invoke(Unknown Source)
at java.lang.reflect.Method.invoke(Unknown Source)
at org.testng.internal.MethodInvocationHelper.invokeMethod(MethodInvocationHelper.java:133)
at org.testng.internal.TestInvoker.invokeMethod(TestInvoker.java:584)
at org.testng.internal.TestInvoker.invokeTestMethod(TestInvoker.java:172)
at org.testng.internal.MethodRunner.runInSequence(MethodRunner.java:46)
at org.testng.internal.TestInvoker$MethodInvocationAgent.invoke(TestInvoker.java:804)
at org.testng.internal.TestInvoker.invokeTestMethods(TestInvoker.java:145)
at org.testng.internal.TestMethodWorker.invokeTestMethods(TestMethodWorker.java:146)
at org.testng.internal.TestMethodWorker.run(TestMethodWorker.java:128)
at java.util.ArrayList.forEach(Unknown Source)
at org.testng.TestRunner.privateRun(TestRunner.java:770)
at org.testng.TestRunner.run(TestRunner.java:591)
at org.testng.SuiteRunner.runTest(SuiteRunner.java:402)
at org.testng.SuiteRunner.runSequentially(SuiteRunner.java:396)
at org.testng.SuiteRunner.privateRun(SuiteRunner.java:355)
at org.testng.SuiteRunner.run(SuiteRunner.java:304)
at org.testng.SuiteRunnerWorker.runSuite(SuiteRunnerWorker.java:53)
at org.testng.SuiteRunnerWorker.run(SuiteRunnerWorker.java:96)
at org.testng.TestNG.runSuitesSequentially(TestNG.java:1180)
at org.testng.TestNG.runSuitesLocally(TestNG.java:1102)
at org.testng.TestNG.runSuites(TestNG.java:1032)
at org.testng.TestNG.run(TestNG.java:1000)
at org.testng.remote.AbstractRemoteTestNG.run(AbstractRemoteTestNG.java:115)
at org.testng.remote.RemoteTestNG.initAndRun(RemoteTestNG.java:251)
at org.testng.remote.RemoteTestNG.main(RemoteTestNG.java:77)
]]>
            </full-stacktrace>
          </exception> <!-- org.junit.ComparisonFailure -->
          <reporter-output>
          </reporter-output>
        </test-method> <!-- facebookTitleTest -->
        <test-method status="PASS" signature="tearDown(org.testng.ITestResult)[pri:0, instance:com.screenshotwithExtentReport.freeFacebookTest@63e2203c]" name="tearDown" is-config="true" duration-ms="2138" started-at="2020-02-27T16:45:48 EST" finished-at="2020-02-27T16:45:50 EST">
          <params>
            <param index="0">
              <value>
                <![CDATA[[TestResult name=facebookTitleTest status=FAILURE method=freeFacebookTest.facebookTitleTest()[pri:0, instance:com.screenshotwithExtentReport.freeFacebookTest@63e2203c] output={null}]]]>
              </value>
            </param>
          </params>
          <reporter-output>
          </reporter-output>
        </test-method> <!-- tearDown -->
        <test-method status="PASS" signature="endreport()[pri:0, instance:com.screenshotwithExtentReport.freeFacebookTest@63e2203c]" name="endreport" is-config="true" duration-ms="379" started-at="2020-02-27T16:45:50 EST" finished-at="2020-02-27T16:45:50 EST">
          <reporter-output>
          </reporter-output>
        </test-method> <!-- endreport -->
      </class> <!-- com.screenshotwithExtentReport.freeFacebookTest -->
    </test> <!-- Default test -->
  </suite> <!-- Default suite -->
</testng-results>
